{"/mnt/c/Users/alexn/Desktop/mpp/mppbackend/mppbackend/api/controllers/courseController.js": {"path":"/mnt/c/Users/alexn/Desktop/mpp/mppbackend/mppbackend/api/controllers/courseController.js","statementMap":{"0":{"start":{"line":1,"column":24},"end":{"line":1,"column":56}},"1":{"start":{"line":2,"column":31},"end":{"line":2,"column":63}},"2":{"start":{"line":3,"column":27},"end":{"line":3,"column":62}},"3":{"start":{"line":6,"column":19},"end":{"line":108,"column":1}},"4":{"start":{"line":7,"column":2},"end":{"line":107,"column":3}},"5":{"start":{"line":9,"column":4},"end":{"line":9,"column":96}},"6":{"start":{"line":9,"column":89},"end":{"line":9,"column":93}},"7":{"start":{"line":12,"column":26},"end":{"line":12,"column":73}},"8":{"start":{"line":13,"column":74},"end":{"line":13,"column":83}},"9":{"start":{"line":16,"column":4},"end":{"line":22,"column":5}},"10":{"start":{"line":17,"column":25},"end":{"line":17,"column":45}},"11":{"start":{"line":18,"column":6},"end":{"line":21,"column":8}},"12":{"start":{"line":19,"column":18},"end":{"line":20,"column":92}},"13":{"start":{"line":24,"column":4},"end":{"line":28,"column":5}},"14":{"start":{"line":25,"column":6},"end":{"line":27,"column":8}},"15":{"start":{"line":26,"column":18},"end":{"line":26,"column":46}},"16":{"start":{"line":30,"column":4},"end":{"line":34,"column":5}},"17":{"start":{"line":31,"column":6},"end":{"line":33,"column":8}},"18":{"start":{"line":32,"column":18},"end":{"line":32,"column":54}},"19":{"start":{"line":36,"column":4},"end":{"line":40,"column":5}},"20":{"start":{"line":37,"column":6},"end":{"line":39,"column":8}},"21":{"start":{"line":38,"column":18},"end":{"line":38,"column":54}},"22":{"start":{"line":43,"column":4},"end":{"line":61,"column":5}},"23":{"start":{"line":44,"column":6},"end":{"line":60,"column":7}},"24":{"start":{"line":46,"column":10},"end":{"line":46,"column":73}},"25":{"start":{"line":46,"column":41},"end":{"line":46,"column":71}},"26":{"start":{"line":47,"column":10},"end":{"line":47,"column":16}},"27":{"start":{"line":49,"column":10},"end":{"line":49,"column":60}},"28":{"start":{"line":49,"column":41},"end":{"line":49,"column":58}},"29":{"start":{"line":50,"column":10},"end":{"line":50,"column":16}},"30":{"start":{"line":52,"column":10},"end":{"line":52,"column":60}},"31":{"start":{"line":52,"column":41},"end":{"line":52,"column":58}},"32":{"start":{"line":53,"column":10},"end":{"line":53,"column":16}},"33":{"start":{"line":55,"column":10},"end":{"line":55,"column":62}},"34":{"start":{"line":55,"column":41},"end":{"line":55,"column":60}},"35":{"start":{"line":56,"column":10},"end":{"line":56,"column":16}},"36":{"start":{"line":59,"column":10},"end":{"line":59,"column":16}},"37":{"start":{"line":64,"column":23},"end":{"line":64,"column":45}},"38":{"start":{"line":65,"column":20},"end":{"line":65,"column":39}},"39":{"start":{"line":66,"column":21},"end":{"line":66,"column":50}},"40":{"start":{"line":69,"column":23},"end":{"line":69,"column":47}},"41":{"start":{"line":70,"column":21},"end":{"line":70,"column":64}},"42":{"start":{"line":71,"column":29},"end":{"line":71,"column":72}},"43":{"start":{"line":74,"column":30},"end":{"line":79,"column":6}},"44":{"start":{"line":75,"column":6},"end":{"line":77,"column":7}},"45":{"start":{"line":76,"column":8},"end":{"line":76,"column":42}},"46":{"start":{"line":78,"column":6},"end":{"line":78,"column":20}},"47":{"start":{"line":82,"column":23},"end":{"line":89,"column":5}},"48":{"start":{"line":92,"column":4},"end":{"line":92,"column":122}},"49":{"start":{"line":92,"column":102},"end":{"line":92,"column":106}},"50":{"start":{"line":95,"column":4},"end":{"line":95,"column":83}},"51":{"start":{"line":96,"column":4},"end":{"line":96,"column":40}},"52":{"start":{"line":97,"column":4},"end":{"line":97,"column":34}},"53":{"start":{"line":100,"column":4},"end":{"line":103,"column":7}},"54":{"start":{"line":105,"column":4},"end":{"line":105,"column":49}},"55":{"start":{"line":106,"column":4},"end":{"line":106,"column":88}},"56":{"start":{"line":111,"column":22},"end":{"line":124,"column":1}},"57":{"start":{"line":112,"column":2},"end":{"line":123,"column":3}},"58":{"start":{"line":113,"column":15},"end":{"line":113,"column":38}},"59":{"start":{"line":114,"column":19},"end":{"line":114,"column":61}},"60":{"start":{"line":114,"column":49},"end":{"line":114,"column":60}},"61":{"start":{"line":116,"column":4},"end":{"line":118,"column":5}},"62":{"start":{"line":117,"column":6},"end":{"line":117,"column":67}},"63":{"start":{"line":120,"column":4},"end":{"line":120,"column":21}},"64":{"start":{"line":122,"column":4},"end":{"line":122,"column":87}},"65":{"start":{"line":127,"column":21},"end":{"line":157,"column":1}},"66":{"start":{"line":128,"column":2},"end":{"line":156,"column":3}},"67":{"start":{"line":129,"column":19},"end":{"line":129,"column":27}},"68":{"start":{"line":130,"column":4},"end":{"line":130,"column":48}},"69":{"start":{"line":132,"column":22},"end":{"line":139,"column":5}},"70":{"start":{"line":134,"column":80},"end":{"line":134,"column":84}},"71":{"start":{"line":141,"column":4},"end":{"line":141,"column":40}},"72":{"start":{"line":144,"column":4},"end":{"line":148,"column":7}},"73":{"start":{"line":150,"column":4},"end":{"line":150,"column":160}},"74":{"start":{"line":150,"column":141},"end":{"line":150,"column":145}},"75":{"start":{"line":152,"column":4},"end":{"line":152,"column":36}},"76":{"start":{"line":154,"column":4},"end":{"line":154,"column":51}},"77":{"start":{"line":155,"column":4},"end":{"line":155,"column":85}},"78":{"start":{"line":160,"column":21},"end":{"line":194,"column":1}},"79":{"start":{"line":161,"column":2},"end":{"line":193,"column":3}},"80":{"start":{"line":162,"column":15},"end":{"line":162,"column":38}},"81":{"start":{"line":163,"column":26},"end":{"line":163,"column":34}},"82":{"start":{"line":165,"column":18},"end":{"line":165,"column":65}},"83":{"start":{"line":165,"column":53},"end":{"line":165,"column":64}},"84":{"start":{"line":167,"column":4},"end":{"line":169,"column":5}},"85":{"start":{"line":168,"column":6},"end":{"line":168,"column":67}},"86":{"start":{"line":172,"column":4},"end":{"line":174,"column":5}},"87":{"start":{"line":173,"column":6},"end":{"line":173,"column":83}},"88":{"start":{"line":177,"column":4},"end":{"line":181,"column":6}},"89":{"start":{"line":184,"column":4},"end":{"line":188,"column":7}},"90":{"start":{"line":190,"column":4},"end":{"line":190,"column":41}},"91":{"start":{"line":192,"column":4},"end":{"line":192,"column":85}},"92":{"start":{"line":197,"column":21},"end":{"line":220,"column":1}},"93":{"start":{"line":198,"column":2},"end":{"line":219,"column":3}},"94":{"start":{"line":199,"column":15},"end":{"line":199,"column":38}},"95":{"start":{"line":200,"column":18},"end":{"line":200,"column":65}},"96":{"start":{"line":200,"column":53},"end":{"line":200,"column":64}},"97":{"start":{"line":202,"column":4},"end":{"line":204,"column":5}},"98":{"start":{"line":203,"column":6},"end":{"line":203,"column":67}},"99":{"start":{"line":206,"column":26},"end":{"line":206,"column":52}},"100":{"start":{"line":207,"column":4},"end":{"line":207,"column":41}},"101":{"start":{"line":210,"column":4},"end":{"line":214,"column":7}},"102":{"start":{"line":216,"column":4},"end":{"line":216,"column":27}},"103":{"start":{"line":218,"column":4},"end":{"line":218,"column":85}},"104":{"start":{"line":222,"column":0},"end":{"line":228,"column":2}}},"fnMap":{"0":{"name":"(anonymous_0)","decl":{"start":{"line":6,"column":19},"end":{"line":6,"column":20}},"loc":{"start":{"line":6,"column":33},"end":{"line":108,"column":1}},"line":6},"1":{"name":"(anonymous_1)","decl":{"start":{"line":9,"column":84},"end":{"line":9,"column":85}},"loc":{"start":{"line":9,"column":89},"end":{"line":9,"column":93}},"line":9},"2":{"name":"(anonymous_2)","decl":{"start":{"line":19,"column":8},"end":{"line":19,"column":9}},"loc":{"start":{"line":19,"column":18},"end":{"line":20,"column":92}},"line":19},"3":{"name":"(anonymous_3)","decl":{"start":{"line":26,"column":8},"end":{"line":26,"column":9}},"loc":{"start":{"line":26,"column":18},"end":{"line":26,"column":46}},"line":26},"4":{"name":"(anonymous_4)","decl":{"start":{"line":32,"column":8},"end":{"line":32,"column":9}},"loc":{"start":{"line":32,"column":18},"end":{"line":32,"column":54}},"line":32},"5":{"name":"(anonymous_5)","decl":{"start":{"line":38,"column":8},"end":{"line":38,"column":9}},"loc":{"start":{"line":38,"column":18},"end":{"line":38,"column":54}},"line":38},"6":{"name":"(anonymous_6)","decl":{"start":{"line":46,"column":31},"end":{"line":46,"column":32}},"loc":{"start":{"line":46,"column":41},"end":{"line":46,"column":71}},"line":46},"7":{"name":"(anonymous_7)","decl":{"start":{"line":49,"column":31},"end":{"line":49,"column":32}},"loc":{"start":{"line":49,"column":41},"end":{"line":49,"column":58}},"line":49},"8":{"name":"(anonymous_8)","decl":{"start":{"line":52,"column":31},"end":{"line":52,"column":32}},"loc":{"start":{"line":52,"column":41},"end":{"line":52,"column":58}},"line":52},"9":{"name":"(anonymous_9)","decl":{"start":{"line":55,"column":31},"end":{"line":55,"column":32}},"loc":{"start":{"line":55,"column":41},"end":{"line":55,"column":60}},"line":55},"10":{"name":"(anonymous_10)","decl":{"start":{"line":74,"column":51},"end":{"line":74,"column":52}},"loc":{"start":{"line":74,"column":61},"end":{"line":79,"column":5}},"line":74},"11":{"name":"(anonymous_11)","decl":{"start":{"line":92,"column":97},"end":{"line":92,"column":98}},"loc":{"start":{"line":92,"column":102},"end":{"line":92,"column":106}},"line":92},"12":{"name":"(anonymous_12)","decl":{"start":{"line":111,"column":22},"end":{"line":111,"column":23}},"loc":{"start":{"line":111,"column":36},"end":{"line":124,"column":1}},"line":111},"13":{"name":"(anonymous_13)","decl":{"start":{"line":114,"column":44},"end":{"line":114,"column":45}},"loc":{"start":{"line":114,"column":49},"end":{"line":114,"column":60}},"line":114},"14":{"name":"(anonymous_14)","decl":{"start":{"line":127,"column":21},"end":{"line":127,"column":22}},"loc":{"start":{"line":127,"column":35},"end":{"line":157,"column":1}},"line":127},"15":{"name":"(anonymous_15)","decl":{"start":{"line":134,"column":75},"end":{"line":134,"column":76}},"loc":{"start":{"line":134,"column":80},"end":{"line":134,"column":84}},"line":134},"16":{"name":"(anonymous_16)","decl":{"start":{"line":150,"column":136},"end":{"line":150,"column":137}},"loc":{"start":{"line":150,"column":141},"end":{"line":150,"column":145}},"line":150},"17":{"name":"(anonymous_17)","decl":{"start":{"line":160,"column":21},"end":{"line":160,"column":22}},"loc":{"start":{"line":160,"column":35},"end":{"line":194,"column":1}},"line":160},"18":{"name":"(anonymous_18)","decl":{"start":{"line":165,"column":48},"end":{"line":165,"column":49}},"loc":{"start":{"line":165,"column":53},"end":{"line":165,"column":64}},"line":165},"19":{"name":"(anonymous_19)","decl":{"start":{"line":197,"column":21},"end":{"line":197,"column":22}},"loc":{"start":{"line":197,"column":35},"end":{"line":220,"column":1}},"line":197},"20":{"name":"(anonymous_20)","decl":{"start":{"line":200,"column":48},"end":{"line":200,"column":49}},"loc":{"start":{"line":200,"column":53},"end":{"line":200,"column":64}},"line":200}},"branchMap":{"0":{"loc":{"start":{"line":16,"column":4},"end":{"line":22,"column":5}},"type":"if","locations":[{"start":{"line":16,"column":4},"end":{"line":22,"column":5}},{"start":{},"end":{}}],"line":16},"1":{"loc":{"start":{"line":19,"column":18},"end":{"line":20,"column":92}},"type":"binary-expr","locations":[{"start":{"line":19,"column":18},"end":{"line":19,"column":65}},{"start":{"line":20,"column":18},"end":{"line":20,"column":35}},{"start":{"line":20,"column":39},"end":{"line":20,"column":91}}],"line":19},"2":{"loc":{"start":{"line":24,"column":4},"end":{"line":28,"column":5}},"type":"if","locations":[{"start":{"line":24,"column":4},"end":{"line":28,"column":5}},{"start":{},"end":{}}],"line":24},"3":{"loc":{"start":{"line":24,"column":8},"end":{"line":24,"column":38}},"type":"binary-expr","locations":[{"start":{"line":24,"column":8},"end":{"line":24,"column":16}},{"start":{"line":24,"column":20},"end":{"line":24,"column":38}}],"line":24},"4":{"loc":{"start":{"line":30,"column":4},"end":{"line":34,"column":5}},"type":"if","locations":[{"start":{"line":30,"column":4},"end":{"line":34,"column":5}},{"start":{},"end":{}}],"line":30},"5":{"loc":{"start":{"line":36,"column":4},"end":{"line":40,"column":5}},"type":"if","locations":[{"start":{"line":36,"column":4},"end":{"line":40,"column":5}},{"start":{},"end":{}}],"line":36},"6":{"loc":{"start":{"line":43,"column":4},"end":{"line":61,"column":5}},"type":"if","locations":[{"start":{"line":43,"column":4},"end":{"line":61,"column":5}},{"start":{},"end":{}}],"line":43},"7":{"loc":{"start":{"line":44,"column":6},"end":{"line":60,"column":7}},"type":"switch","locations":[{"start":{"line":45,"column":8},"end":{"line":47,"column":16}},{"start":{"line":48,"column":8},"end":{"line":50,"column":16}},{"start":{"line":51,"column":8},"end":{"line":53,"column":16}},{"start":{"line":54,"column":8},"end":{"line":56,"column":16}},{"start":{"line":57,"column":8},"end":{"line":59,"column":16}}],"line":44},"8":{"loc":{"start":{"line":65,"column":20},"end":{"line":65,"column":39}},"type":"binary-expr","locations":[{"start":{"line":65,"column":20},"end":{"line":65,"column":34}},{"start":{"line":65,"column":38},"end":{"line":65,"column":39}}],"line":65},"9":{"loc":{"start":{"line":66,"column":21},"end":{"line":66,"column":50}},"type":"binary-expr","locations":[{"start":{"line":66,"column":21},"end":{"line":66,"column":36}},{"start":{"line":66,"column":40},"end":{"line":66,"column":50}}],"line":66},"10":{"loc":{"start":{"line":75,"column":6},"end":{"line":77,"column":7}},"type":"if","locations":[{"start":{"line":75,"column":6},"end":{"line":77,"column":7}},{"start":{},"end":{}}],"line":75},"11":{"loc":{"start":{"line":116,"column":4},"end":{"line":118,"column":5}},"type":"if","locations":[{"start":{"line":116,"column":4},"end":{"line":118,"column":5}},{"start":{},"end":{}}],"line":116},"12":{"loc":{"start":{"line":134,"column":10},"end":{"line":134,"column":94}},"type":"cond-expr","locations":[{"start":{"line":134,"column":39},"end":{"line":134,"column":90}},{"start":{"line":134,"column":93},"end":{"line":134,"column":94}}],"line":134},"13":{"loc":{"start":{"line":135,"column":18},"end":{"line":135,"column":59}},"type":"binary-expr","locations":[{"start":{"line":135,"column":18},"end":{"line":135,"column":35}},{"start":{"line":135,"column":39},"end":{"line":135,"column":59}}],"line":135},"14":{"loc":{"start":{"line":136,"column":16},"end":{"line":136,"column":36}},"type":"binary-expr","locations":[{"start":{"line":136,"column":16},"end":{"line":136,"column":31}},{"start":{"line":136,"column":35},"end":{"line":136,"column":36}}],"line":136},"15":{"loc":{"start":{"line":137,"column":14},"end":{"line":137,"column":32}},"type":"binary-expr","locations":[{"start":{"line":137,"column":14},"end":{"line":137,"column":27}},{"start":{"line":137,"column":31},"end":{"line":137,"column":32}}],"line":137},"16":{"loc":{"start":{"line":138,"column":13},"end":{"line":138,"column":47}},"type":"binary-expr","locations":[{"start":{"line":138,"column":13},"end":{"line":138,"column":25}},{"start":{"line":138,"column":29},"end":{"line":138,"column":47}}],"line":138},"17":{"loc":{"start":{"line":167,"column":4},"end":{"line":169,"column":5}},"type":"if","locations":[{"start":{"line":167,"column":4},"end":{"line":169,"column":5}},{"start":{},"end":{}}],"line":167},"18":{"loc":{"start":{"line":172,"column":4},"end":{"line":174,"column":5}},"type":"if","locations":[{"start":{"line":172,"column":4},"end":{"line":174,"column":5}},{"start":{},"end":{}}],"line":172},"19":{"loc":{"start":{"line":173,"column":28},"end":{"line":173,"column":82}},"type":"binary-expr","locations":[{"start":{"line":173,"column":28},"end":{"line":173,"column":60}},{"start":{"line":173,"column":64},"end":{"line":173,"column":82}}],"line":173},"20":{"loc":{"start":{"line":202,"column":4},"end":{"line":204,"column":5}},"type":"if","locations":[{"start":{"line":202,"column":4},"end":{"line":204,"column":5}},{"start":{},"end":{}}],"line":202}},"s":{"0":1,"1":1,"2":1,"3":1,"4":12,"5":12,"6":33,"7":11,"8":11,"9":11,"10":2,"11":2,"12":6,"13":11,"14":1,"15":3,"16":11,"17":1,"18":3,"19":11,"20":1,"21":2,"22":11,"23":4,"24":1,"25":4,"26":1,"27":1,"28":4,"29":1,"30":1,"31":3,"32":1,"33":1,"34":3,"35":1,"36":0,"37":11,"38":11,"39":11,"40":11,"41":11,"42":11,"43":11,"44":22,"45":0,"46":22,"47":11,"48":11,"49":22,"50":11,"51":11,"52":11,"53":11,"54":1,"55":1,"56":1,"57":3,"58":3,"59":3,"60":8,"61":3,"62":2,"63":1,"64":0,"65":1,"66":3,"67":3,"68":3,"69":3,"70":9,"71":2,"72":2,"73":2,"74":8,"75":2,"76":1,"77":1,"78":1,"79":4,"80":4,"81":4,"82":4,"83":9,"84":4,"85":2,"86":2,"87":2,"88":2,"89":2,"90":2,"91":0,"92":1,"93":3,"94":3,"95":3,"96":8,"97":3,"98":2,"99":1,"100":1,"101":1,"102":1,"103":0,"104":1},"f":{"0":12,"1":33,"2":6,"3":3,"4":3,"5":2,"6":4,"7":4,"8":3,"9":3,"10":22,"11":22,"12":3,"13":8,"14":3,"15":9,"16":8,"17":4,"18":9,"19":3,"20":8},"b":{"0":[2,9],"1":[6,5,5],"2":[1,10],"3":[11,1],"4":[1,10],"5":[1,10],"6":[4,7],"7":[1,1,1,1,0],"8":[11,9],"9":[11,9],"10":[0,22],"11":[2,1],"12":[3,0],"13":[2,1],"14":[2,2],"15":[2,2],"16":[2,2],"17":[2,2],"18":[2,0],"19":[2,0],"20":[2,1]},"_coverageSchema":"1a1c01bbd47fc00a2c39e90264f33305004495a9","hash":"eb4c6deb2c5701891b7d4f20a95cf23d583a5a93"}
,"/mnt/c/Users/alexn/Desktop/mpp/mppbackend/mppbackend/api/models/courseModel.js": {"path":"/mnt/c/Users/alexn/Desktop/mpp/mppbackend/mppbackend/api/models/courseModel.js","statementMap":{"0":{"start":{"line":2,"column":31},"end":{"line":2,"column":63}},"1":{"start":{"line":4,"column":20},"end":{"line":1208,"column":1}},"2":{"start":{"line":1211,"column":0},"end":{"line":1211,"column":33}}},"fnMap":{},"branchMap":{},"s":{"0":2,"1":2,"2":2},"f":{},"b":{},"_coverageSchema":"1a1c01bbd47fc00a2c39e90264f33305004495a9","hash":"06eb8b035ccd2389d1cee1c478e028669bba2547"}
,"/mnt/c/Users/alexn/Desktop/mpp/mppbackend/mppbackend/api/services/simulationService.js": {"path":"/mnt/c/Users/alexn/Desktop/mpp/mppbackend/mppbackend/api/services/simulationService.js","statementMap":{"0":{"start":{"line":1,"column":24},"end":{"line":1,"column":56}},"1":{"start":{"line":2,"column":52},"end":{"line":2,"column":85}},"2":{"start":{"line":7,"column":4},"end":{"line":7,"column":27}},"3":{"start":{"line":8,"column":4},"end":{"line":8,"column":27}},"4":{"start":{"line":9,"column":4},"end":{"line":9,"column":36}},"5":{"start":{"line":10,"column":4},"end":{"line":10,"column":24}},"6":{"start":{"line":15,"column":4},"end":{"line":15,"column":31}},"7":{"start":{"line":15,"column":24},"end":{"line":15,"column":31}},"8":{"start":{"line":17,"column":4},"end":{"line":17,"column":26}},"9":{"start":{"line":18,"column":4},"end":{"line":18,"column":44}},"10":{"start":{"line":20,"column":4},"end":{"line":22,"column":32}},"11":{"start":{"line":21,"column":6},"end":{"line":21,"column":33}},"12":{"start":{"line":24,"column":4},"end":{"line":24,"column":60}},"13":{"start":{"line":29,"column":4},"end":{"line":29,"column":32}},"14":{"start":{"line":29,"column":25},"end":{"line":29,"column":32}},"15":{"start":{"line":31,"column":4},"end":{"line":31,"column":35}},"16":{"start":{"line":32,"column":4},"end":{"line":32,"column":27}},"17":{"start":{"line":33,"column":4},"end":{"line":33,"column":44}},"18":{"start":{"line":35,"column":4},"end":{"line":35,"column":60}},"19":{"start":{"line":40,"column":4},"end":{"line":44,"column":6}},"20":{"start":{"line":49,"column":4},"end":{"line":52,"column":5}},"21":{"start":{"line":50,"column":6},"end":{"line":50,"column":36}},"22":{"start":{"line":51,"column":6},"end":{"line":51,"column":18}},"23":{"start":{"line":53,"column":4},"end":{"line":53,"column":17}},"24":{"start":{"line":58,"column":18},"end":{"line":58,"column":50}},"25":{"start":{"line":59,"column":4},"end":{"line":62,"column":5}},"26":{"start":{"line":60,"column":6},"end":{"line":60,"column":38}},"27":{"start":{"line":61,"column":6},"end":{"line":61,"column":18}},"28":{"start":{"line":63,"column":4},"end":{"line":63,"column":17}},"29":{"start":{"line":68,"column":4},"end":{"line":74,"column":7}},"30":{"start":{"line":69,"column":6},"end":{"line":73,"column":7}},"31":{"start":{"line":70,"column":8},"end":{"line":70,"column":24}},"32":{"start":{"line":72,"column":8},"end":{"line":72,"column":62}},"33":{"start":{"line":79,"column":4},"end":{"line":137,"column":5}},"34":{"start":{"line":80,"column":21},"end":{"line":80,"column":34}},"35":{"start":{"line":82,"column":6},"end":{"line":134,"column":7}},"36":{"start":{"line":84,"column":32},"end":{"line":84,"column":59}},"37":{"start":{"line":85,"column":27},"end":{"line":85,"column":63}},"38":{"start":{"line":87,"column":8},"end":{"line":102,"column":9}},"39":{"start":{"line":89,"column":25},"end":{"line":91,"column":15}},"40":{"start":{"line":90,"column":55},"end":{"line":90,"column":59}},"41":{"start":{"line":93,"column":31},"end":{"line":93,"column":59}},"42":{"start":{"line":94,"column":10},"end":{"line":94,"column":49}},"43":{"start":{"line":96,"column":10},"end":{"line":96,"column":101}},"44":{"start":{"line":97,"column":10},"end":{"line":101,"column":13}},"45":{"start":{"line":103,"column":13},"end":{"line":134,"column":7}},"46":{"start":{"line":105,"column":35},"end":{"line":105,"column":62}},"47":{"start":{"line":106,"column":32},"end":{"line":106,"column":34}},"48":{"start":{"line":109,"column":31},"end":{"line":109,"column":55}},"49":{"start":{"line":111,"column":8},"end":{"line":133,"column":9}},"50":{"start":{"line":111,"column":21},"end":{"line":111,"column":22}},"51":{"start":{"line":112,"column":30},"end":{"line":112,"column":79}},"52":{"start":{"line":113,"column":33},"end":{"line":113,"column":60}},"53":{"start":{"line":115,"column":10},"end":{"line":130,"column":11}},"54":{"start":{"line":116,"column":12},"end":{"line":116,"column":49}},"55":{"start":{"line":119,"column":32},"end":{"line":119,"column":94}},"56":{"start":{"line":119,"column":67},"end":{"line":119,"column":93}},"57":{"start":{"line":120,"column":12},"end":{"line":129,"column":13}},"58":{"start":{"line":121,"column":14},"end":{"line":121,"column":57}},"59":{"start":{"line":123,"column":14},"end":{"line":123,"column":111}},"60":{"start":{"line":124,"column":14},"end":{"line":128,"column":17}},"61":{"start":{"line":132,"column":10},"end":{"line":132,"column":48}},"62":{"start":{"line":136,"column":6},"end":{"line":136,"column":48}},"63":{"start":{"line":142,"column":26},"end":{"line":142,"column":49}},"64":{"start":{"line":143,"column":0},"end":{"line":143,"column":39}}},"fnMap":{"0":{"name":"(anonymous_0)","decl":{"start":{"line":6,"column":2},"end":{"line":6,"column":3}},"loc":{"start":{"line":6,"column":16},"end":{"line":11,"column":3}},"line":6},"1":{"name":"(anonymous_1)","decl":{"start":{"line":14,"column":2},"end":{"line":14,"column":3}},"loc":{"start":{"line":14,"column":10},"end":{"line":25,"column":3}},"line":14},"2":{"name":"(anonymous_2)","decl":{"start":{"line":20,"column":34},"end":{"line":20,"column":35}},"loc":{"start":{"line":20,"column":40},"end":{"line":22,"column":5}},"line":20},"3":{"name":"(anonymous_3)","decl":{"start":{"line":28,"column":2},"end":{"line":28,"column":3}},"loc":{"start":{"line":28,"column":9},"end":{"line":36,"column":3}},"line":28},"4":{"name":"(anonymous_4)","decl":{"start":{"line":39,"column":2},"end":{"line":39,"column":3}},"loc":{"start":{"line":39,"column":14},"end":{"line":45,"column":3}},"line":39},"5":{"name":"(anonymous_5)","decl":{"start":{"line":48,"column":2},"end":{"line":48,"column":3}},"loc":{"start":{"line":48,"column":24},"end":{"line":54,"column":3}},"line":48},"6":{"name":"(anonymous_6)","decl":{"start":{"line":57,"column":2},"end":{"line":57,"column":3}},"loc":{"start":{"line":57,"column":27},"end":{"line":64,"column":3}},"line":57},"7":{"name":"(anonymous_7)","decl":{"start":{"line":67,"column":2},"end":{"line":67,"column":3}},"loc":{"start":{"line":67,"column":26},"end":{"line":75,"column":3}},"line":67},"8":{"name":"(anonymous_8)","decl":{"start":{"line":68,"column":27},"end":{"line":68,"column":28}},"loc":{"start":{"line":68,"column":39},"end":{"line":74,"column":5}},"line":68},"9":{"name":"(anonymous_9)","decl":{"start":{"line":78,"column":2},"end":{"line":78,"column":3}},"loc":{"start":{"line":78,"column":24},"end":{"line":138,"column":3}},"line":78},"10":{"name":"(anonymous_10)","decl":{"start":{"line":90,"column":50},"end":{"line":90,"column":51}},"loc":{"start":{"line":90,"column":55},"end":{"line":90,"column":59}},"line":90},"11":{"name":"(anonymous_11)","decl":{"start":{"line":119,"column":62},"end":{"line":119,"column":63}},"loc":{"start":{"line":119,"column":67},"end":{"line":119,"column":93}},"line":119}},"branchMap":{"0":{"loc":{"start":{"line":15,"column":4},"end":{"line":15,"column":31}},"type":"if","locations":[{"start":{"line":15,"column":4},"end":{"line":15,"column":31}},{"start":{},"end":{}}],"line":15},"1":{"loc":{"start":{"line":29,"column":4},"end":{"line":29,"column":32}},"type":"if","locations":[{"start":{"line":29,"column":4},"end":{"line":29,"column":32}},{"start":{},"end":{}}],"line":29},"2":{"loc":{"start":{"line":49,"column":4},"end":{"line":52,"column":5}},"type":"if","locations":[{"start":{"line":49,"column":4},"end":{"line":52,"column":5}},{"start":{},"end":{}}],"line":49},"3":{"loc":{"start":{"line":59,"column":4},"end":{"line":62,"column":5}},"type":"if","locations":[{"start":{"line":59,"column":4},"end":{"line":62,"column":5}},{"start":{},"end":{}}],"line":59},"4":{"loc":{"start":{"line":82,"column":6},"end":{"line":134,"column":7}},"type":"if","locations":[{"start":{"line":82,"column":6},"end":{"line":134,"column":7}},{"start":{"line":103,"column":13},"end":{"line":134,"column":7}}],"line":82},"5":{"loc":{"start":{"line":84,"column":32},"end":{"line":84,"column":59}},"type":"cond-expr","locations":[{"start":{"line":84,"column":54},"end":{"line":84,"column":55}},{"start":{"line":84,"column":58},"end":{"line":84,"column":59}}],"line":84},"6":{"loc":{"start":{"line":89,"column":25},"end":{"line":91,"column":15}},"type":"cond-expr","locations":[{"start":{"line":90,"column":14},"end":{"line":90,"column":65}},{"start":{"line":91,"column":14},"end":{"line":91,"column":15}}],"line":89},"7":{"loc":{"start":{"line":103,"column":13},"end":{"line":134,"column":7}},"type":"if","locations":[{"start":{"line":103,"column":13},"end":{"line":134,"column":7}},{"start":{},"end":{}}],"line":103},"8":{"loc":{"start":{"line":105,"column":35},"end":{"line":105,"column":62}},"type":"cond-expr","locations":[{"start":{"line":105,"column":57},"end":{"line":105,"column":58}},{"start":{"line":105,"column":61},"end":{"line":105,"column":62}}],"line":105},"9":{"loc":{"start":{"line":111,"column":24},"end":{"line":111,"column":75}},"type":"binary-expr","locations":[{"start":{"line":111,"column":24},"end":{"line":111,"column":46}},{"start":{"line":111,"column":50},"end":{"line":111,"column":75}}],"line":111},"10":{"loc":{"start":{"line":115,"column":10},"end":{"line":130,"column":11}},"type":"if","locations":[{"start":{"line":115,"column":10},"end":{"line":130,"column":11}},{"start":{},"end":{}}],"line":115},"11":{"loc":{"start":{"line":120,"column":12},"end":{"line":129,"column":13}},"type":"if","locations":[{"start":{"line":120,"column":12},"end":{"line":129,"column":13}},{"start":{},"end":{}}],"line":120}},"s":{"0":1,"1":1,"2":1,"3":1,"4":1,"5":1,"6":4,"7":1,"8":3,"9":3,"10":3,"11":0,"12":3,"13":5,"14":1,"15":4,"16":4,"17":4,"18":4,"19":1,"20":4,"21":3,"22":3,"23":1,"24":2,"25":2,"26":1,"27":1,"28":1,"29":6,"30":8,"31":8,"32":1,"33":3,"34":3,"35":2,"36":1,"37":1,"38":1,"39":2,"40":13,"41":2,"42":2,"43":2,"44":2,"45":1,"46":1,"47":1,"48":1,"49":1,"50":1,"51":2,"52":2,"53":2,"54":2,"55":2,"56":4,"57":2,"58":2,"59":2,"60":2,"61":2,"62":1,"63":1,"64":1},"f":{"0":1,"1":4,"2":0,"3":5,"4":1,"5":4,"6":2,"7":6,"8":8,"9":3,"10":13,"11":4},"b":{"0":[1,3],"1":[1,4],"2":[3,1],"3":[1,1],"4":[1,1],"5":[1,0],"6":[2,0],"7":[1,0],"8":[0,1],"9":[3,2],"10":[2,0],"11":[2,0]},"_coverageSchema":"1a1c01bbd47fc00a2c39e90264f33305004495a9","hash":"919f66e5e1b26cd63526dab39cfa493d02aa689e"}
,"/mnt/c/Users/alexn/Desktop/mpp/mppbackend/mppbackend/api/utils/defaultImage.js": {"path":"/mnt/c/Users/alexn/Desktop/mpp/mppbackend/mppbackend/api/utils/defaultImage.js","statementMap":{"0":{"start":{"line":2,"column":27},"end":{"line":2,"column":644944}},"1":{"start":{"line":4,"column":0},"end":{"line":4,"column":40}}},"fnMap":{},"branchMap":{},"s":{"0":2,"1":2},"f":{},"b":{},"_coverageSchema":"1a1c01bbd47fc00a2c39e90264f33305004495a9","hash":"ad421502787aca8388de3bc477420a44f29551a2"}
}
