TN:
SF:api/controllers/courseController.js
FN:6,(anonymous_0)
FN:9,(anonymous_1)
FN:19,(anonymous_2)
FN:26,(anonymous_3)
FN:32,(anonymous_4)
FN:38,(anonymous_5)
FN:46,(anonymous_6)
FN:49,(anonymous_7)
FN:52,(anonymous_8)
FN:55,(anonymous_9)
FN:74,(anonymous_10)
FN:92,(anonymous_11)
FN:111,(anonymous_12)
FN:114,(anonymous_13)
FN:127,(anonymous_14)
FN:134,(anonymous_15)
FN:150,(anonymous_16)
FN:160,(anonymous_17)
FN:165,(anonymous_18)
FN:197,(anonymous_19)
FN:200,(anonymous_20)
FNF:21
FNH:21
FNDA:12,(anonymous_0)
FNDA:33,(anonymous_1)
FNDA:6,(anonymous_2)
FNDA:3,(anonymous_3)
FNDA:3,(anonymous_4)
FNDA:2,(anonymous_5)
FNDA:4,(anonymous_6)
FNDA:4,(anonymous_7)
FNDA:3,(anonymous_8)
FNDA:3,(anonymous_9)
FNDA:22,(anonymous_10)
FNDA:22,(anonymous_11)
FNDA:3,(anonymous_12)
FNDA:8,(anonymous_13)
FNDA:3,(anonymous_14)
FNDA:9,(anonymous_15)
FNDA:8,(anonymous_16)
FNDA:4,(anonymous_17)
FNDA:9,(anonymous_18)
FNDA:3,(anonymous_19)
FNDA:8,(anonymous_20)
DA:1,1
DA:2,1
DA:3,1
DA:6,1
DA:7,12
DA:9,33
DA:12,11
DA:13,11
DA:16,11
DA:17,2
DA:18,2
DA:19,6
DA:24,11
DA:25,1
DA:26,3
DA:30,11
DA:31,1
DA:32,3
DA:36,11
DA:37,1
DA:38,2
DA:43,11
DA:44,4
DA:46,4
DA:47,1
DA:49,4
DA:50,1
DA:52,3
DA:53,1
DA:55,3
DA:56,1
DA:59,0
DA:64,11
DA:65,11
DA:66,11
DA:69,11
DA:70,11
DA:71,11
DA:74,11
DA:75,22
DA:76,0
DA:78,22
DA:82,11
DA:92,22
DA:95,11
DA:96,11
DA:97,11
DA:100,11
DA:105,1
DA:106,1
DA:111,1
DA:112,3
DA:113,3
DA:114,8
DA:116,3
DA:117,2
DA:120,1
DA:122,0
DA:127,1
DA:128,3
DA:129,3
DA:130,3
DA:132,3
DA:134,9
DA:141,2
DA:144,2
DA:150,8
DA:152,2
DA:154,1
DA:155,1
DA:160,1
DA:161,4
DA:162,4
DA:163,4
DA:165,9
DA:167,4
DA:168,2
DA:172,2
DA:173,2
DA:177,2
DA:184,2
DA:190,2
DA:192,0
DA:197,1
DA:198,3
DA:199,3
DA:200,8
DA:202,3
DA:203,2
DA:206,1
DA:207,1
DA:210,1
DA:216,1
DA:218,0
DA:222,1
LF:95
LH:90
BRDA:16,0,0,2
BRDA:16,0,1,9
BRDA:19,1,0,6
BRDA:19,1,1,5
BRDA:19,1,2,5
BRDA:24,2,0,1
BRDA:24,2,1,10
BRDA:24,3,0,11
BRDA:24,3,1,1
BRDA:30,4,0,1
BRDA:30,4,1,10
BRDA:36,5,0,1
BRDA:36,5,1,10
BRDA:43,6,0,4
BRDA:43,6,1,7
BRDA:44,7,0,1
BRDA:44,7,1,1
BRDA:44,7,2,1
BRDA:44,7,3,1
BRDA:44,7,4,0
BRDA:65,8,0,11
BRDA:65,8,1,9
BRDA:66,9,0,11
BRDA:66,9,1,9
BRDA:75,10,0,0
BRDA:75,10,1,22
BRDA:116,11,0,2
BRDA:116,11,1,1
BRDA:134,12,0,3
BRDA:134,12,1,0
BRDA:135,13,0,2
BRDA:135,13,1,1
BRDA:136,14,0,2
BRDA:136,14,1,2
BRDA:137,15,0,2
BRDA:137,15,1,2
BRDA:138,16,0,2
BRDA:138,16,1,2
BRDA:167,17,0,2
BRDA:167,17,1,2
BRDA:172,18,0,2
BRDA:172,18,1,0
BRDA:173,19,0,2
BRDA:173,19,1,0
BRDA:202,20,0,2
BRDA:202,20,1,1
BRF:46
BRH:41
end_of_record
TN:
SF:api/models/courseModel.js
FNF:0
FNH:0
DA:2,2
DA:4,2
DA:1211,2
LF:3
LH:3
BRF:0
BRH:0
end_of_record
TN:
SF:api/services/simulationService.js
FN:6,(anonymous_0)
FN:14,(anonymous_1)
FN:20,(anonymous_2)
FN:28,(anonymous_3)
FN:39,(anonymous_4)
FN:48,(anonymous_5)
FN:57,(anonymous_6)
FN:67,(anonymous_7)
FN:68,(anonymous_8)
FN:78,(anonymous_9)
FN:90,(anonymous_10)
FN:119,(anonymous_11)
FNF:12
FNH:11
FNDA:1,(anonymous_0)
FNDA:4,(anonymous_1)
FNDA:0,(anonymous_2)
FNDA:5,(anonymous_3)
FNDA:1,(anonymous_4)
FNDA:4,(anonymous_5)
FNDA:2,(anonymous_6)
FNDA:6,(anonymous_7)
FNDA:8,(anonymous_8)
FNDA:3,(anonymous_9)
FNDA:13,(anonymous_10)
FNDA:4,(anonymous_11)
DA:1,1
DA:2,1
DA:7,1
DA:8,1
DA:9,1
DA:10,1
DA:15,4
DA:17,3
DA:18,3
DA:20,3
DA:21,0
DA:24,3
DA:29,5
DA:31,4
DA:32,4
DA:33,4
DA:35,4
DA:40,1
DA:49,4
DA:50,3
DA:51,3
DA:53,1
DA:58,2
DA:59,2
DA:60,1
DA:61,1
DA:63,1
DA:68,6
DA:69,8
DA:70,8
DA:72,1
DA:79,3
DA:80,3
DA:82,2
DA:84,1
DA:85,1
DA:87,1
DA:89,2
DA:90,13
DA:93,2
DA:94,2
DA:96,2
DA:97,2
DA:103,1
DA:105,1
DA:106,1
DA:109,1
DA:111,1
DA:112,2
DA:113,2
DA:115,2
DA:116,2
DA:119,4
DA:120,2
DA:121,2
DA:123,2
DA:124,2
DA:132,2
DA:136,1
DA:142,1
DA:143,1
LF:61
LH:60
BRDA:15,0,0,1
BRDA:15,0,1,3
BRDA:29,1,0,1
BRDA:29,1,1,4
BRDA:49,2,0,3
BRDA:49,2,1,1
BRDA:59,3,0,1
BRDA:59,3,1,1
BRDA:82,4,0,1
BRDA:82,4,1,1
BRDA:84,5,0,1
BRDA:84,5,1,0
BRDA:89,6,0,2
BRDA:89,6,1,0
BRDA:103,7,0,1
BRDA:103,7,1,0
BRDA:105,8,0,0
BRDA:105,8,1,1
BRDA:111,9,0,3
BRDA:111,9,1,2
BRDA:115,10,0,2
BRDA:115,10,1,0
BRDA:120,11,0,2
BRDA:120,11,1,0
BRF:24
BRH:18
end_of_record
TN:
SF:api/utils/defaultImage.js
FNF:0
FNH:0
DA:2,2
DA:4,2
LF:2
LH:2
BRF:0
BRH:0
end_of_record
